0000              1   ;--------------------------------------------------------
0000              2   ; File Created by C51
0000              3   ; Version 1.0.0 #1170 (Feb 16 2022) (MSVC)
0000              4   ; This file was generated Thu Feb 27 10:30:34 2025
0000              5   ;--------------------------------------------------------
                  5   $name lab4_main
                  6   $optc51 --model-small
                  7   $printf_float
0000              9            R_DSEG    segment data
0000             10            R_CSEG    segment code
0000             11            R_BSEG    segment bit
0000             12            R_XSEG    segment xdata
0000             13            R_PSEG    segment xdata
0000             14            R_ISEG    segment idata
0000             15            R_OSEG    segment data overlay
0000             16            BIT_BANK  segment data overlay
0000             17            R_HOME    segment code
0000             18            R_GSINIT  segment code
0000             19            R_IXSEG   segment xdata
0000             20            R_CONST   segment code
0000             21            R_XINIT   segment code
0000             22            R_DINIT   segment code
0000             23   
0000             24   ;--------------------------------------------------------
0000             25   ; Public variables in this module
0000             26   ;--------------------------------------------------------
0000             27            public _main
0000             28            public _TIMER0_Init
0000             29            public __c51_external_startup
0000             30            public _LCDprint
0000             31            public _LCD_4BIT
0000             32            public _WriteData
0000             33            public _WriteCommand
0000             34            public _LCD_byte
0000             35            public _LCD_pulse
0000             36            public _LCDprint_PARM_3
0000             37            public _LCDprint_PARM_2
0000             38            public _overflow_count
0000             39            public _Timer3us
0000             40            public _waitms
0000             41   ;--------------------------------------------------------
0000             42   ; Special Function Registers
0000             43   ;--------------------------------------------------------
0000             44   _ACC            DATA 0xe0
0000             45   _ADC0ASAH       DATA 0xb6
0000             46   _ADC0ASAL       DATA 0xb5
0000             47   _ADC0ASCF       DATA 0xa1
0000             48   _ADC0ASCT       DATA 0xc7
0000             49   _ADC0CF0        DATA 0xbc
0000             50   _ADC0CF1        DATA 0xb9
0000             51   _ADC0CF2        DATA 0xdf
0000             52   _ADC0CN0        DATA 0xe8
0000             53   _ADC0CN1        DATA 0xb2
0000             54   _ADC0CN2        DATA 0xb3
0000             55   _ADC0GTH        DATA 0xc4
0000             56   _ADC0GTL        DATA 0xc3
0000             57   _ADC0H          DATA 0xbe
0000             58   _ADC0L          DATA 0xbd
0000             59   _ADC0LTH        DATA 0xc6
0000             60   _ADC0LTL        DATA 0xc5
0000             61   _ADC0MX         DATA 0xbb
0000             62   _B              DATA 0xf0
0000             63   _CKCON0         DATA 0x8e
0000             64   _CKCON1         DATA 0xa6
0000             65   _CLEN0          DATA 0xc6
0000             66   _CLIE0          DATA 0xc7
0000             67   _CLIF0          DATA 0xe8
0000             68   _CLKSEL         DATA 0xa9
0000             69   _CLOUT0         DATA 0xd1
0000             70   _CLU0CF         DATA 0xb1
0000             71   _CLU0FN         DATA 0xaf
0000             72   _CLU0MX         DATA 0x84
0000             73   _CLU1CF         DATA 0xb3
0000             74   _CLU1FN         DATA 0xb2
0000             75   _CLU1MX         DATA 0x85
0000             76   _CLU2CF         DATA 0xb6
0000             77   _CLU2FN         DATA 0xb5
0000             78   _CLU2MX         DATA 0x91
0000             79   _CLU3CF         DATA 0xbf
0000             80   _CLU3FN         DATA 0xbe
0000             81   _CLU3MX         DATA 0xae
0000             82   _CMP0CN0        DATA 0x9b
0000             83   _CMP0CN1        DATA 0x99
0000             84   _CMP0MD         DATA 0x9d
0000             85   _CMP0MX         DATA 0x9f
0000             86   _CMP1CN0        DATA 0xbf
0000             87   _CMP1CN1        DATA 0xac
0000             88   _CMP1MD         DATA 0xab
0000             89   _CMP1MX         DATA 0xaa
0000             90   _CRC0CN0        DATA 0xce
0000             91   _CRC0CN1        DATA 0x86
0000             92   _CRC0CNT        DATA 0xd3
0000             93   _CRC0DAT        DATA 0xcb
0000             94   _CRC0FLIP       DATA 0xcf
0000             95   _CRC0IN         DATA 0xca
0000             96   _CRC0ST         DATA 0xd2
0000             97   _DAC0CF0        DATA 0x91
0000             98   _DAC0CF1        DATA 0x92
0000             99   _DAC0H          DATA 0x85
0000            100   _DAC0L          DATA 0x84
0000            101   _DAC1CF0        DATA 0x93
0000            102   _DAC1CF1        DATA 0x94
0000            103   _DAC1H          DATA 0x8a
0000            104   _DAC1L          DATA 0x89
0000            105   _DAC2CF0        DATA 0x95
0000            106   _DAC2CF1        DATA 0x96
0000            107   _DAC2H          DATA 0x8c
0000            108   _DAC2L          DATA 0x8b
0000            109   _DAC3CF0        DATA 0x9a
0000            110   _DAC3CF1        DATA 0x9c
0000            111   _DAC3H          DATA 0x8e
0000            112   _DAC3L          DATA 0x8d
0000            113   _DACGCF0        DATA 0x88
0000            114   _DACGCF1        DATA 0x98
0000            115   _DACGCF2        DATA 0xa2
0000            116   _DERIVID        DATA 0xad
0000            117   _DEVICEID       DATA 0xb5
0000            118   _DPH            DATA 0x83
0000            119   _DPL            DATA 0x82
0000            120   _EIE1           DATA 0xe6
0000            121   _EIE2           DATA 0xf3
0000            122   _EIP1           DATA 0xbb
0000            123   _EIP1H          DATA 0xee
0000            124   _EIP2           DATA 0xed
0000            125   _EIP2H          DATA 0xf6
0000            126   _EMI0CN         DATA 0xe7
0000            127   _FLKEY          DATA 0xb7
0000            128   _HFO0CAL        DATA 0xc7
0000            129   _HFO1CAL        DATA 0xd6
0000            130   _HFOCN          DATA 0xef
0000            131   _I2C0ADM        DATA 0xff
0000            132   _I2C0CN0        DATA 0xba
0000            133   _I2C0DIN        DATA 0xbc
0000            134   _I2C0DOUT       DATA 0xbb
0000            135   _I2C0FCN0       DATA 0xad
0000            136   _I2C0FCN1       DATA 0xab
0000            137   _I2C0FCT        DATA 0xf5
0000            138   _I2C0SLAD       DATA 0xbd
0000            139   _I2C0STAT       DATA 0xb9
0000            140   _IE             DATA 0xa8
0000            141   _IP             DATA 0xb8
0000            142   _IPH            DATA 0xf2
0000            143   _IT01CF         DATA 0xe4
0000            144   _LFO0CN         DATA 0xb1
0000            145   _P0             DATA 0x80
0000            146   _P0MASK         DATA 0xfe
0000            147   _P0MAT          DATA 0xfd
0000            148   _P0MDIN         DATA 0xf1
0000            149   _P0MDOUT        DATA 0xa4
0000            150   _P0SKIP         DATA 0xd4
0000            151   _P1             DATA 0x90
0000            152   _P1MASK         DATA 0xee
0000            153   _P1MAT          DATA 0xed
0000            154   _P1MDIN         DATA 0xf2
0000            155   _P1MDOUT        DATA 0xa5
0000            156   _P1SKIP         DATA 0xd5
0000            157   _P2             DATA 0xa0
0000            158   _P2MASK         DATA 0xfc
0000            159   _P2MAT          DATA 0xfb
0000            160   _P2MDIN         DATA 0xf3
0000            161   _P2MDOUT        DATA 0xa6
0000            162   _P2SKIP         DATA 0xcc
0000            163   _P3             DATA 0xb0
0000            164   _P3MDIN         DATA 0xf4
0000            165   _P3MDOUT        DATA 0x9c
0000            166   _PCA0CENT       DATA 0x9e
0000            167   _PCA0CLR        DATA 0x9c
0000            168   _PCA0CN0        DATA 0xd8
0000            169   _PCA0CPH0       DATA 0xfc
0000            170   _PCA0CPH1       DATA 0xea
0000            171   _PCA0CPH2       DATA 0xec
0000            172   _PCA0CPH3       DATA 0xf5
0000            173   _PCA0CPH4       DATA 0x85
0000            174   _PCA0CPH5       DATA 0xde
0000            175   _PCA0CPL0       DATA 0xfb
0000            176   _PCA0CPL1       DATA 0xe9
0000            177   _PCA0CPL2       DATA 0xeb
0000            178   _PCA0CPL3       DATA 0xf4
0000            179   _PCA0CPL4       DATA 0x84
0000            180   _PCA0CPL5       DATA 0xdd
0000            181   _PCA0CPM0       DATA 0xda
0000            182   _PCA0CPM1       DATA 0xdb
0000            183   _PCA0CPM2       DATA 0xdc
0000            184   _PCA0CPM3       DATA 0xae
0000            185   _PCA0CPM4       DATA 0xaf
0000            186   _PCA0CPM5       DATA 0xcc
0000            187   _PCA0H          DATA 0xfa
0000            188   _PCA0L          DATA 0xf9
0000            189   _PCA0MD         DATA 0xd9
0000            190   _PCA0POL        DATA 0x96
0000            191   _PCA0PWM        DATA 0xf7
0000            192   _PCON0          DATA 0x87
0000            193   _PCON1          DATA 0xcd
0000            194   _PFE0CN         DATA 0xc1
0000            195   _PRTDRV         DATA 0xf6
0000            196   _PSCTL          DATA 0x8f
0000            197   _PSTAT0         DATA 0xaa
0000            198   _PSW            DATA 0xd0
0000            199   _REF0CN         DATA 0xd1
0000            200   _REG0CN         DATA 0xc9
0000            201   _REVID          DATA 0xb6
0000            202   _RSTSRC         DATA 0xef
0000            203   _SBCON1         DATA 0x94
0000            204   _SBRLH1         DATA 0x96
0000            205   _SBRLL1         DATA 0x95
0000            206   _SBUF           DATA 0x99
0000            207   _SBUF0          DATA 0x99
0000            208   _SBUF1          DATA 0x92
0000            209   _SCON           DATA 0x98
0000            210   _SCON0          DATA 0x98
0000            211   _SCON1          DATA 0xc8
0000            212   _SFRPAGE        DATA 0xa7
0000            213   _SFRPGCN        DATA 0xbc
0000            214   _SFRSTACK       DATA 0xd7
0000            215   _SMB0ADM        DATA 0xd6
0000            216   _SMB0ADR        DATA 0xd7
0000            217   _SMB0CF         DATA 0xc1
0000            218   _SMB0CN0        DATA 0xc0
0000            219   _SMB0DAT        DATA 0xc2
0000            220   _SMB0FCN0       DATA 0xc3
0000            221   _SMB0FCN1       DATA 0xc4
0000            222   _SMB0FCT        DATA 0xef
0000            223   _SMB0RXLN       DATA 0xc5
0000            224   _SMB0TC         DATA 0xac
0000            225   _SMOD1          DATA 0x93
0000            226   _SP             DATA 0x81
0000            227   _SPI0CFG        DATA 0xa1
0000            228   _SPI0CKR        DATA 0xa2
0000            229   _SPI0CN0        DATA 0xf8
0000            230   _SPI0DAT        DATA 0xa3
0000            231   _SPI0FCN0       DATA 0x9a
0000            232   _SPI0FCN1       DATA 0x9b
0000            233   _SPI0FCT        DATA 0xf7
0000            234   _SPI0PCF        DATA 0xdf
0000            235   _TCON           DATA 0x88
0000            236   _TH0            DATA 0x8c
0000            237   _TH1            DATA 0x8d
0000            238   _TL0            DATA 0x8a
0000            239   _TL1            DATA 0x8b
0000            240   _TMOD           DATA 0x89
0000            241   _TMR2CN0        DATA 0xc8
0000            242   _TMR2CN1        DATA 0xfd
0000            243   _TMR2H          DATA 0xcf
0000            244   _TMR2L          DATA 0xce
0000            245   _TMR2RLH        DATA 0xcb
0000            246   _TMR2RLL        DATA 0xca
0000            247   _TMR3CN0        DATA 0x91
0000            248   _TMR3CN1        DATA 0xfe
0000            249   _TMR3H          DATA 0x95
0000            250   _TMR3L          DATA 0x94
0000            251   _TMR3RLH        DATA 0x93
0000            252   _TMR3RLL        DATA 0x92
0000            253   _TMR4CN0        DATA 0x98
0000            254   _TMR4CN1        DATA 0xff
0000            255   _TMR4H          DATA 0xa5
0000            256   _TMR4L          DATA 0xa4
0000            257   _TMR4RLH        DATA 0xa3
0000            258   _TMR4RLL        DATA 0xa2
0000            259   _TMR5CN0        DATA 0xc0
0000            260   _TMR5CN1        DATA 0xf1
0000            261   _TMR5H          DATA 0xd5
0000            262   _TMR5L          DATA 0xd4
0000            263   _TMR5RLH        DATA 0xd3
0000            264   _TMR5RLL        DATA 0xd2
0000            265   _UART0PCF       DATA 0xd9
0000            266   _UART1FCN0      DATA 0x9d
0000            267   _UART1FCN1      DATA 0xd8
0000            268   _UART1FCT       DATA 0xfa
0000            269   _UART1LIN       DATA 0x9e
0000            270   _UART1PCF       DATA 0xda
0000            271   _VDM0CN         DATA 0xff
0000            272   _WDTCN          DATA 0x97
0000            273   _XBR0           DATA 0xe1
0000            274   _XBR1           DATA 0xe2
0000            275   _XBR2           DATA 0xe3
0000            276   _XOSC0CN        DATA 0x86
0000            277   _DPTR           DATA 0x8382
0000            278   _TMR2RL         DATA 0xcbca
0000            279   _TMR3RL         DATA 0x9392
0000            280   _TMR4RL         DATA 0xa3a2
0000            281   _TMR5RL         DATA 0xd3d2
0000            282   _TMR0           DATA 0x8c8a
0000            283   _TMR1           DATA 0x8d8b
0000            284   _TMR2           DATA 0xcfce
0000            285   _TMR3           DATA 0x9594
0000            286   _TMR4           DATA 0xa5a4
0000            287   _TMR5           DATA 0xd5d4
0000            288   _SBRL1          DATA 0x9695
0000            289   _PCA0           DATA 0xfaf9
0000            290   _PCA0CP0        DATA 0xfcfb
0000            291   _PCA0CP1        DATA 0xeae9
0000            292   _PCA0CP2        DATA 0xeceb
0000            293   _PCA0CP3        DATA 0xf5f4
0000            294   _PCA0CP4        DATA 0x8584
0000            295   _PCA0CP5        DATA 0xdedd
0000            296   _ADC0ASA        DATA 0xb6b5
0000            297   _ADC0GT         DATA 0xc4c3
0000            298   _ADC0           DATA 0xbebd
0000            299   _ADC0LT         DATA 0xc6c5
0000            300   _DAC0           DATA 0x8584
0000            301   _DAC1           DATA 0x8a89
0000            302   _DAC2           DATA 0x8c8b
0000            303   _DAC3           DATA 0x8e8d
0000            304   ;--------------------------------------------------------
0000            305   ; special function bits
0000            306   ;--------------------------------------------------------
0000            307   _ACC_0          BIT 0xe0
0000            308   _ACC_1          BIT 0xe1
0000            309   _ACC_2          BIT 0xe2
0000            310   _ACC_3          BIT 0xe3
0000            311   _ACC_4          BIT 0xe4
0000            312   _ACC_5          BIT 0xe5
0000            313   _ACC_6          BIT 0xe6
0000            314   _ACC_7          BIT 0xe7
0000            315   _TEMPE          BIT 0xe8
0000            316   _ADGN0          BIT 0xe9
0000            317   _ADGN1          BIT 0xea
0000            318   _ADWINT         BIT 0xeb
0000            319   _ADBUSY         BIT 0xec
0000            320   _ADINT          BIT 0xed
0000            321   _IPOEN          BIT 0xee
0000            322   _ADEN           BIT 0xef
0000            323   _B_0            BIT 0xf0
0000            324   _B_1            BIT 0xf1
0000            325   _B_2            BIT 0xf2
0000            326   _B_3            BIT 0xf3
0000            327   _B_4            BIT 0xf4
0000            328   _B_5            BIT 0xf5
0000            329   _B_6            BIT 0xf6
0000            330   _B_7            BIT 0xf7
0000            331   _C0FIF          BIT 0xe8
0000            332   _C0RIF          BIT 0xe9
0000            333   _C1FIF          BIT 0xea
0000            334   _C1RIF          BIT 0xeb
0000            335   _C2FIF          BIT 0xec
0000            336   _C2RIF          BIT 0xed
0000            337   _C3FIF          BIT 0xee
0000            338   _C3RIF          BIT 0xef
0000            339   _D1SRC0         BIT 0x88
0000            340   _D1SRC1         BIT 0x89
0000            341   _D1AMEN         BIT 0x8a
0000            342   _D01REFSL       BIT 0x8b
0000            343   _D3SRC0         BIT 0x8c
0000            344   _D3SRC1         BIT 0x8d
0000            345   _D3AMEN         BIT 0x8e
0000            346   _D23REFSL       BIT 0x8f
0000            347   _D0UDIS         BIT 0x98
0000            348   _D1UDIS         BIT 0x99
0000            349   _D2UDIS         BIT 0x9a
0000            350   _D3UDIS         BIT 0x9b
0000            351   _EX0            BIT 0xa8
0000            352   _ET0            BIT 0xa9
0000            353   _EX1            BIT 0xaa
0000            354   _ET1            BIT 0xab
0000            355   _ES0            BIT 0xac
0000            356   _ET2            BIT 0xad
0000            357   _ESPI0          BIT 0xae
0000            358   _EA             BIT 0xaf
0000            359   _PX0            BIT 0xb8
0000            360   _PT0            BIT 0xb9
0000            361   _PX1            BIT 0xba
0000            362   _PT1            BIT 0xbb
0000            363   _PS0            BIT 0xbc
0000            364   _PT2            BIT 0xbd
0000            365   _PSPI0          BIT 0xbe
0000            366   _P0_0           BIT 0x80
0000            367   _P0_1           BIT 0x81
0000            368   _P0_2           BIT 0x82
0000            369   _P0_3           BIT 0x83
0000            370   _P0_4           BIT 0x84
0000            371   _P0_5           BIT 0x85
0000            372   _P0_6           BIT 0x86
0000            373   _P0_7           BIT 0x87
0000            374   _P1_0           BIT 0x90
0000            375   _P1_1           BIT 0x91
0000            376   _P1_2           BIT 0x92
0000            377   _P1_3           BIT 0x93
0000            378   _P1_4           BIT 0x94
0000            379   _P1_5           BIT 0x95
0000            380   _P1_6           BIT 0x96
0000            381   _P1_7           BIT 0x97
0000            382   _P2_0           BIT 0xa0
0000            383   _P2_1           BIT 0xa1
0000            384   _P2_2           BIT 0xa2
0000            385   _P2_3           BIT 0xa3
0000            386   _P2_4           BIT 0xa4
0000            387   _P2_5           BIT 0xa5
0000            388   _P2_6           BIT 0xa6
0000            389   _P3_0           BIT 0xb0
0000            390   _P3_1           BIT 0xb1
0000            391   _P3_2           BIT 0xb2
0000            392   _P3_3           BIT 0xb3
0000            393   _P3_4           BIT 0xb4
0000            394   _P3_7           BIT 0xb7
0000            395   _CCF0           BIT 0xd8
0000            396   _CCF1           BIT 0xd9
0000            397   _CCF2           BIT 0xda
0000            398   _CCF3           BIT 0xdb
0000            399   _CCF4           BIT 0xdc
0000            400   _CCF5           BIT 0xdd
0000            401   _CR             BIT 0xde
0000            402   _CF             BIT 0xdf
0000            403   _PARITY         BIT 0xd0
0000            404   _F1             BIT 0xd1
0000            405   _OV             BIT 0xd2
0000            406   _RS0            BIT 0xd3
0000            407   _RS1            BIT 0xd4
0000            408   _F0             BIT 0xd5
0000            409   _AC             BIT 0xd6
0000            410   _CY             BIT 0xd7
0000            411   _RI             BIT 0x98
0000            412   _TI             BIT 0x99
0000            413   _RB8            BIT 0x9a
0000            414   _TB8            BIT 0x9b
0000            415   _REN            BIT 0x9c
0000            416   _CE             BIT 0x9d
0000            417   _SMODE          BIT 0x9e
0000            418   _RI1            BIT 0xc8
0000            419   _TI1            BIT 0xc9
0000            420   _RBX1           BIT 0xca
0000            421   _TBX1           BIT 0xcb
0000            422   _REN1           BIT 0xcc
0000            423   _PERR1          BIT 0xcd
0000            424   _OVR1           BIT 0xce
0000            425   _SI             BIT 0xc0
0000            426   _ACK            BIT 0xc1
0000            427   _ARBLOST        BIT 0xc2
0000            428   _ACKRQ          BIT 0xc3
0000            429   _STO            BIT 0xc4
0000            430   _STA            BIT 0xc5
0000            431   _TXMODE         BIT 0xc6
0000            432   _MASTER         BIT 0xc7
0000            433   _SPIEN          BIT 0xf8
0000            434   _TXNF           BIT 0xf9
0000            435   _NSSMD0         BIT 0xfa
0000            436   _NSSMD1         BIT 0xfb
0000            437   _RXOVRN         BIT 0xfc
0000            438   _MODF           BIT 0xfd
0000            439   _WCOL           BIT 0xfe
0000            440   _SPIF           BIT 0xff
0000            441   _IT0            BIT 0x88
0000            442   _IE0            BIT 0x89
0000            443   _IT1            BIT 0x8a
0000            444   _IE1            BIT 0x8b
0000            445   _TR0            BIT 0x8c
0000            446   _TF0            BIT 0x8d
0000            447   _TR1            BIT 0x8e
0000            448   _TF1            BIT 0x8f
0000            449   _T2XCLK0        BIT 0xc8
0000            450   _T2XCLK1        BIT 0xc9
0000            451   _TR2            BIT 0xca
0000            452   _T2SPLIT        BIT 0xcb
0000            453   _TF2CEN         BIT 0xcc
0000            454   _TF2LEN         BIT 0xcd
0000            455   _TF2L           BIT 0xce
0000            456   _TF2H           BIT 0xcf
0000            457   _T4XCLK0        BIT 0x98
0000            458   _T4XCLK1        BIT 0x99
0000            459   _TR4            BIT 0x9a
0000            460   _T4SPLIT        BIT 0x9b
0000            461   _TF4CEN         BIT 0x9c
0000            462   _TF4LEN         BIT 0x9d
0000            463   _TF4L           BIT 0x9e
0000            464   _TF4H           BIT 0x9f
0000            465   _T5XCLK0        BIT 0xc0
0000            466   _T5XCLK1        BIT 0xc1
0000            467   _TR5            BIT 0xc2
0000            468   _T5SPLIT        BIT 0xc3
0000            469   _TF5CEN         BIT 0xc4
0000            470   _TF5LEN         BIT 0xc5
0000            471   _TF5L           BIT 0xc6
0000            472   _TF5H           BIT 0xc7
0000            473   _RIE            BIT 0xd8
0000            474   _RXTO0          BIT 0xd9
0000            475   _RXTO1          BIT 0xda
0000            476   _RFRQ           BIT 0xdb
0000            477   _TIE            BIT 0xdc
0000            478   _TXHOLD         BIT 0xdd
0000            479   _TXNF1          BIT 0xde
0000            480   _TFRQ           BIT 0xdf
0000            481   ;--------------------------------------------------------
0000            482   ; overlayable register banks
0000            483   ;--------------------------------------------------------
0000            484            rbank0 segment data overlay
0000            485   ;--------------------------------------------------------
0000            486   ; internal ram data
0000            487   ;--------------------------------------------------------
0000            488            rseg R_DSEG
0000            489   _overflow_count:
0000            490            ds 1
0001            491   _LCDprint_PARM_2:
0001            492            ds 1
0002            493   _main_buffer_1_50:
0002            494            ds 16
0012            495   ;--------------------------------------------------------
0012            496   ; overlayable items in internal ram 
0012            497   ;--------------------------------------------------------
0000            498            rseg    R_OSEG
0000            499   ;--------------------------------------------------------
0000            500   ; indirectly addressable internal ram data
0000            501   ;--------------------------------------------------------
0000            502            rseg R_ISEG
0000            503   ;--------------------------------------------------------
0000            504   ; absolute internal ram data
0000            505   ;--------------------------------------------------------
0000            506            DSEG
0000            507   ;--------------------------------------------------------
0000            508   ; bit data
0000            509   ;--------------------------------------------------------
0000            510            rseg R_BSEG
0000            511   _LCDprint_PARM_3:
0000            512            DBIT    1
0001            513   ;--------------------------------------------------------
0001            514   ; paged external ram data
0001            515   ;--------------------------------------------------------
0000            516            rseg R_PSEG
0000            517   ;--------------------------------------------------------
0000            518   ; external ram data
0000            519   ;--------------------------------------------------------
0000            520            rseg R_XSEG
0000            521   ;--------------------------------------------------------
0000            522   ; absolute external ram data
0000            523   ;--------------------------------------------------------
0000            524            XSEG
0000            525   ;--------------------------------------------------------
0000            526   ; external initialized ram data
0000            527   ;--------------------------------------------------------
0000            528            rseg R_IXSEG
0000            529            rseg R_HOME
0000            530            rseg R_GSINIT
0000            531            rseg R_CSEG
0000            532   ;--------------------------------------------------------
0000            533   ; Reset entry point and interrupt vectors
0000            534   ;--------------------------------------------------------
0000            535            CSEG at 0x0000
0000 020000     536            ljmp    _crt0
0003            537   ;--------------------------------------------------------
0003            538   ; global & static initialisations
0003            539   ;--------------------------------------------------------
0000            540            rseg R_HOME
0000            541            rseg R_GSINIT
0000            542            rseg R_GSINIT
0000            543   ;--------------------------------------------------------
0000            544   ; data variables initialization
0000            545   ;--------------------------------------------------------
0000            546            rseg R_DINIT
0000            547            ; The linker places a 'ret' at the end of segment R_DINIT.
0000            548   ;--------------------------------------------------------
0000            549   ; code
0000            550   ;--------------------------------------------------------
0000            551            rseg R_CSEG
0000            552   ;------------------------------------------------------------
0000            553   ;Allocation info for local variables in function 'LCD_pulse'
0000            554   ;------------------------------------------------------------
0000            555   ;------------------------------------------------------------
0000            556   ;        C:\Users\17782\Downloads\School Resources\UBC Y2\ELEC\ELEC 291\Lab4\lab4_main.c:32: void LCD_pulse(void)
0000            557   ;        -----------------------------------------
0000            558   ;         function LCD_pulse
0000            559   ;        -----------------------------------------
0000            560   _LCD_pulse:
0000            561            using   0
0000            562   ;        C:\Users\17782\Downloads\School Resources\UBC Y2\ELEC\ELEC 291\Lab4\lab4_main.c:34: LCD_E = 1;
0000 D2A0       563            setb    _P2_0
0002            564   ;        C:\Users\17782\Downloads\School Resources\UBC Y2\ELEC\ELEC 291\Lab4\lab4_main.c:35: Timer3us(40);
0002 758228     565            mov     dpl,#0x28
0005 120000     566            lcall   _Timer3us
0008            567   ;        C:\Users\17782\Downloads\School Resources\UBC Y2\ELEC\ELEC 291\Lab4\lab4_main.c:36: LCD_E = 0;
0008 C2A0       568            clr     _P2_0
000A 22         569            ret
000B            570   ;------------------------------------------------------------
000B            571   ;Allocation info for local variables in function 'LCD_byte'
000B            572   ;------------------------------------------------------------
000B            573   ;x                         Allocated to registers r2 
000B            574   ;------------------------------------------------------------
000B            575   ;        C:\Users\17782\Downloads\School Resources\UBC Y2\ELEC\ELEC 291\Lab4\lab4_main.c:39: void LCD_byte(unsigned char x)
000B            576   ;        -----------------------------------------
000B            577   ;         function LCD_byte
000B            578   ;        -----------------------------------------
000B            579   _LCD_byte:
000B AA82       580            mov     r2,dpl
000D            581   ;        C:\Users\17782\Downloads\School Resources\UBC Y2\ELEC\ELEC 291\Lab4\lab4_main.c:42: ACC = x; // Send high nibble
000D 8AE0       582            mov     _ACC,r2
000F            583   ;        C:\Users\17782\Downloads\School Resources\UBC Y2\ELEC\ELEC 291\Lab4\lab4_main.c:43: LCD_D7 = ACC_7;
000F A2E7       584            mov     c,_ACC_7
0011 9290       585            mov     _P1_0,c
0013            586   ;        C:\Users\17782\Downloads\School Resources\UBC Y2\ELEC\ELEC 291\Lab4\lab4_main.c:44: LCD_D6 = ACC_6;
0013 A2E6       587            mov     c,_ACC_6
0015 9291       588            mov     _P1_1,c
0017            589   ;        C:\Users\17782\Downloads\School Resources\UBC Y2\ELEC\ELEC 291\Lab4\lab4_main.c:45: LCD_D5 = ACC_5;
0017 A2E5       590            mov     c,_ACC_5
0019 9292       591            mov     _P1_2,c
001B            592   ;        C:\Users\17782\Downloads\School Resources\UBC Y2\ELEC\ELEC 291\Lab4\lab4_main.c:46: LCD_D4 = ACC_4;
001B A2E4       593            mov     c,_ACC_4
001D 9293       594            mov     _P1_3,c
001F            595   ;        C:\Users\17782\Downloads\School Resources\UBC Y2\ELEC\ELEC 291\Lab4\lab4_main.c:47: LCD_pulse();
001F C002       596            push    ar2
0021 120000     597            lcall   _LCD_pulse
0024            598   ;        C:\Users\17782\Downloads\School Resources\UBC Y2\ELEC\ELEC 291\Lab4\lab4_main.c:48: Timer3us(40);
0024 758228     599            mov     dpl,#0x28
0027 120000     600            lcall   _Timer3us
002A D002       601            pop     ar2
002C            602   ;        C:\Users\17782\Downloads\School Resources\UBC Y2\ELEC\ELEC 291\Lab4\lab4_main.c:50: ACC = x; // Send low nibble
002C 8AE0       603            mov     _ACC,r2
002E            604   ;        C:\Users\17782\Downloads\School Resources\UBC Y2\ELEC\ELEC 291\Lab4\lab4_main.c:51: LCD_D7 = ACC_3;
002E A2E3       605            mov     c,_ACC_3
0030 9290       606            mov     _P1_0,c
0032            607   ;        C:\Users\17782\Downloads\School Resources\UBC Y2\ELEC\ELEC 291\Lab4\lab4_main.c:52: LCD_D6 = ACC_2;
0032 A2E2       608            mov     c,_ACC_2
0034 9291       609            mov     _P1_1,c
0036            610   ;        C:\Users\17782\Downloads\School Resources\UBC Y2\ELEC\ELEC 291\Lab4\lab4_main.c:53: LCD_D5 = ACC_1;
0036 A2E1       611            mov     c,_ACC_1
0038 9292       612            mov     _P1_2,c
003A            613   ;        C:\Users\17782\Downloads\School Resources\UBC Y2\ELEC\ELEC 291\Lab4\lab4_main.c:54: LCD_D4 = ACC_0;
003A A2E0       614            mov     c,_ACC_0
003C 9293       615            mov     _P1_3,c
003E            616   ;        C:\Users\17782\Downloads\School Resources\UBC Y2\ELEC\ELEC 291\Lab4\lab4_main.c:55: LCD_pulse();
003E 020000     617            ljmp    _LCD_pulse
0041            618   ;------------------------------------------------------------
0041            619   ;Allocation info for local variables in function 'WriteCommand'
0041            620   ;------------------------------------------------------------
0041            621   ;x                         Allocated to registers r2 
0041            622   ;------------------------------------------------------------
0041            623   ;        C:\Users\17782\Downloads\School Resources\UBC Y2\ELEC\ELEC 291\Lab4\lab4_main.c:58: void WriteCommand(unsigned char x)
0041            624   ;        -----------------------------------------
0041            625   ;         function WriteCommand
0041            626   ;        -----------------------------------------
0041            627   _WriteCommand:
0041 AA82       628            mov     r2,dpl
0043            629   ;        C:\Users\17782\Downloads\School Resources\UBC Y2\ELEC\ELEC 291\Lab4\lab4_main.c:60: LCD_RS = 0;
0043 C297       630            clr     _P1_7
0045            631   ;        C:\Users\17782\Downloads\School Resources\UBC Y2\ELEC\ELEC 291\Lab4\lab4_main.c:61: LCD_byte(x);
0045 8A82       632            mov     dpl,r2
0047 120000     633            lcall   _LCD_byte
004A            634   ;        C:\Users\17782\Downloads\School Resources\UBC Y2\ELEC\ELEC 291\Lab4\lab4_main.c:62: waitms(5);
004A 900005     635            mov     dptr,#0x0005
004D 020000     636            ljmp    _waitms
0050            637   ;------------------------------------------------------------
0050            638   ;Allocation info for local variables in function 'WriteData'
0050            639   ;------------------------------------------------------------
0050            640   ;x                         Allocated to registers r2 
0050            641   ;------------------------------------------------------------
0050            642   ;        C:\Users\17782\Downloads\School Resources\UBC Y2\ELEC\ELEC 291\Lab4\lab4_main.c:65: void WriteData(unsigned char x)
0050            643   ;        -----------------------------------------
0050            644   ;         function WriteData
0050            645   ;        -----------------------------------------
0050            646   _WriteData:
0050 AA82       647            mov     r2,dpl
0052            648   ;        C:\Users\17782\Downloads\School Resources\UBC Y2\ELEC\ELEC 291\Lab4\lab4_main.c:67: LCD_RS = 1;
0052 D297       649            setb    _P1_7
0054            650   ;        C:\Users\17782\Downloads\School Resources\UBC Y2\ELEC\ELEC 291\Lab4\lab4_main.c:68: LCD_byte(x);
0054 8A82       651            mov     dpl,r2
0056 120000     652            lcall   _LCD_byte
0059            653   ;        C:\Users\17782\Downloads\School Resources\UBC Y2\ELEC\ELEC 291\Lab4\lab4_main.c:69: waitms(2);
0059 900002     654            mov     dptr,#0x0002
005C 020000     655            ljmp    _waitms
005F            656   ;------------------------------------------------------------
005F            657   ;Allocation info for local variables in function 'LCD_4BIT'
005F            658   ;------------------------------------------------------------
005F            659   ;------------------------------------------------------------
005F            660   ;        C:\Users\17782\Downloads\School Resources\UBC Y2\ELEC\ELEC 291\Lab4\lab4_main.c:72: void LCD_4BIT(void)
005F            661   ;        -----------------------------------------
005F            662   ;         function LCD_4BIT
005F            663   ;        -----------------------------------------
005F            664   _LCD_4BIT:
005F            665   ;        C:\Users\17782\Downloads\School Resources\UBC Y2\ELEC\ELEC 291\Lab4\lab4_main.c:74: LCD_E = 0; // Resting state of LCD's enable is zero
005F C2A0       666            clr     _P2_0
0061            667   ;        C:\Users\17782\Downloads\School Resources\UBC Y2\ELEC\ELEC 291\Lab4\lab4_main.c:76: waitms(20);
0061 900014     668            mov     dptr,#0x0014
0064 120000     669            lcall   _waitms
0067            670   ;        C:\Users\17782\Downloads\School Resources\UBC Y2\ELEC\ELEC 291\Lab4\lab4_main.c:79: WriteCommand(0x33);
0067 758233     671            mov     dpl,#0x33
006A 120000     672            lcall   _WriteCommand
006D            673   ;        C:\Users\17782\Downloads\School Resources\UBC Y2\ELEC\ELEC 291\Lab4\lab4_main.c:80: WriteCommand(0x33);
006D 758233     674            mov     dpl,#0x33
0070 120000     675            lcall   _WriteCommand
0073            676   ;        C:\Users\17782\Downloads\School Resources\UBC Y2\ELEC\ELEC 291\Lab4\lab4_main.c:81: WriteCommand(0x32); // Switch to 4-bit mode
0073 758232     677            mov     dpl,#0x32
0076 120000     678            lcall   _WriteCommand
0079            679   ;        C:\Users\17782\Downloads\School Resources\UBC Y2\ELEC\ELEC 291\Lab4\lab4_main.c:84: WriteCommand(0x28); // 4-bit mode, 2-line display, 5x8 font
0079 758228     680            mov     dpl,#0x28
007C 120000     681            lcall   _WriteCommand
007F            682   ;        C:\Users\17782\Downloads\School Resources\UBC Y2\ELEC\ELEC 291\Lab4\lab4_main.c:85: WriteCommand(0x0C); // Display ON, cursor OFF
007F 75820C     683            mov     dpl,#0x0C
0082 120000     684            lcall   _WriteCommand
0085            685   ;        C:\Users\17782\Downloads\School Resources\UBC Y2\ELEC\ELEC 291\Lab4\lab4_main.c:86: WriteCommand(0x01); // Clear screen command (takes some time)
0085 758201     686            mov     dpl,#0x01
0088 120000     687            lcall   _WriteCommand
008B            688   ;        C:\Users\17782\Downloads\School Resources\UBC Y2\ELEC\ELEC 291\Lab4\lab4_main.c:87: waitms(20); // Wait for the clear screen command to finish
008B 900014     689            mov     dptr,#0x0014
008E 020000     690            ljmp    _waitms
0091            691   ;------------------------------------------------------------
0091            692   ;Allocation info for local variables in function 'LCDprint'
0091            693   ;------------------------------------------------------------
0091            694   ;line                      Allocated with name '_LCDprint_PARM_2'
0091            695   ;string                    Allocated to registers r2 r3 r4 
0091            696   ;j                         Allocated to registers r5 r6 
0091            697   ;------------------------------------------------------------
0091            698   ;        C:\Users\17782\Downloads\School Resources\UBC Y2\ELEC\ELEC 291\Lab4\lab4_main.c:90: void LCDprint(char *string, unsigned char line, bit clear)
0091            699   ;        -----------------------------------------
0091            700   ;         function LCDprint
0091            701   ;        -----------------------------------------
0091            702   _LCDprint:
0091 AA82       703            mov     r2,dpl
0093 AB83       704            mov     r3,dph
0095 ACF0       705            mov     r4,b
0097            706   ;        C:\Users\17782\Downloads\School Resources\UBC Y2\ELEC\ELEC 291\Lab4\lab4_main.c:95: WriteCommand(line == 2 ? 0xC0 : 0x80);
0097 7402       707            mov     a,#0x02
0099 B50038     708            cjne    a,_LCDprint_PARM_2,L007013?
009C 7DC0       709            mov     r5,#0xC0
009E 8000       710            sjmp    L007014?
00A0            711   L007013?:
00A0 7D80       712            mov     r5,#0x80
00A2            713   L007014?:
00A2 8D82       714            mov     dpl,r5
00A4 C002       715            push    ar2
00A6 C003       716            push    ar3
00A8 C004       717            push    ar4
00AA 120000     718            lcall   _WriteCommand
00AD            719   ;        C:\Users\17782\Downloads\School Resources\UBC Y2\ELEC\ELEC 291\Lab4\lab4_main.c:96: waitms(5);
00AD 900005     720            mov     dptr,#0x0005
00B0 120000     721            lcall   _waitms
00B3 D004       722            pop     ar4
00B5 D003       723            pop     ar3
00B7 D002       724            pop     ar2
00B9            725   ;        C:\Users\17782\Downloads\School Resources\UBC Y2\ELEC\ELEC 291\Lab4\lab4_main.c:99: for (j = 0; string[j] != 0; j++) 
00B9 7D00       726            mov     r5,#0x00
00BB 7E00       727            mov     r6,#0x00
00BD            728   L007003?:
00BD ED         729            mov     a,r5
00BE 2A         730            add     a,r2
00BF FF         731            mov     r7,a
00C0 EE         732            mov     a,r6
00C1 3B         733            addc    a,r3
00C2 F8         734            mov     r0,a
00C3 8C01       735            mov     ar1,r4
00C5 8F82       736            mov     dpl,r7
00C7 8883       737            mov     dph,r0
00C9 89F0       738            mov     b,r1
00CB 120000     739            lcall   __gptrget
00CE FF         740            mov     r7,a
00CF 6000       741            jz      L007006?
00D1            742   ;        C:\Users\17782\Downloads\School Resources\UBC Y2\ELEC\ELEC 291\Lab4\lab4_main.c:100: WriteData(string[j]);
00D1 8F82       743            mov     dpl,r7
00D3 C002       744            push    ar2
00D5 C003       745            push    ar3
00D7 C004       746            push    ar4
00D9 C005       747            push    ar5
00DB C006       748            push    ar6
00DD 120000     749            lcall   _WriteData
00E0 D006       750            pop     ar6
00E2 D005       751            pop     ar5
00E4 D004       752            pop     ar4
00E6 D003       753            pop     ar3
00E8 D002       754            pop     ar2
00EA            755   ;        C:\Users\17782\Downloads\School Resources\UBC Y2\ELEC\ELEC 291\Lab4\lab4_main.c:99: for (j = 0; string[j] != 0; j++) 
00EA 0D         756            inc     r5
00EB BD00B8     757            cjne    r5,#0x00,L007003?
00EE 0E         758            inc     r6
00EF 8000       759            sjmp    L007003?
00F1            760   L007006?:
00F1            761   ;        C:\Users\17782\Downloads\School Resources\UBC Y2\ELEC\ELEC 291\Lab4\lab4_main.c:103: if (clear) 
00F1 30B078     762            jnb     _LCDprint_PARM_3,L007011?
00F4 8D02       763            mov     ar2,r5
00F6 8E03       764            mov     ar3,r6
00F8            765   L007007?:
00F8            766   ;        C:\Users\17782\Downloads\School Resources\UBC Y2\ELEC\ELEC 291\Lab4\lab4_main.c:104: for (; j < CHARS_PER_LINE; j++) 
00F8 C3         767            clr     c
00F9 EA         768            mov     a,r2
00FA 9410       769            subb    a,#0x10
00FC EB         770            mov     a,r3
00FD 6480       771            xrl     a,#0x80
00FF 9480       772            subb    a,#0x80
0101 5000       773            jnc     L007011?
0103            774   ;        C:\Users\17782\Downloads\School Resources\UBC Y2\ELEC\ELEC 291\Lab4\lab4_main.c:105: WriteData(' ');
0103 758220     775            mov     dpl,#0x20
0106 C002       776            push    ar2
0108 C003       777            push    ar3
010A 120000     778            lcall   _WriteData
010D D003       779            pop     ar3
010F D002       780            pop     ar2
0111            781   ;        C:\Users\17782\Downloads\School Resources\UBC Y2\ELEC\ELEC 291\Lab4\lab4_main.c:104: for (; j < CHARS_PER_LINE; j++) 
0111 0A         782            inc     r2
0112 BA00B8     783            cjne    r2,#0x00,L007007?
0115 0B         784            inc     r3
0116 8000       785            sjmp    L007007?
0118            786   L007011?:
0118 22         787            ret
0119            788   ;------------------------------------------------------------
0119            789   ;Allocation info for local variables in function '_c51_external_startup'
0119            790   ;------------------------------------------------------------
0119            791   ;------------------------------------------------------------
0119            792   ;        C:\Users\17782\Downloads\School Resources\UBC Y2\ELEC\ELEC 291\Lab4\lab4_main.c:109: char _c51_external_startup (void)
0119            793   ;        -----------------------------------------
0119            794   ;         function _c51_external_startup
0119            795   ;        -----------------------------------------
0119            796   __c51_external_startup:
0119            797   ;        C:\Users\17782\Downloads\School Resources\UBC Y2\ELEC\ELEC 291\Lab4\lab4_main.c:112: SFRPAGE = 0x00;
0119 75A700     798            mov     _SFRPAGE,#0x00
011C            799   ;        C:\Users\17782\Downloads\School Resources\UBC Y2\ELEC\ELEC 291\Lab4\lab4_main.c:113: WDTCN = 0xDE; //First key
011C 7597DE     800            mov     _WDTCN,#0xDE
011F            801   ;        C:\Users\17782\Downloads\School Resources\UBC Y2\ELEC\ELEC 291\Lab4\lab4_main.c:114: WDTCN = 0xAD; //Second key
011F 7597AD     802            mov     _WDTCN,#0xAD
0122            803   ;        C:\Users\17782\Downloads\School Resources\UBC Y2\ELEC\ELEC 291\Lab4\lab4_main.c:116: VDM0CN |= 0x80;
0122 43FF80     804            orl     _VDM0CN,#0x80
0125            805   ;        C:\Users\17782\Downloads\School Resources\UBC Y2\ELEC\ELEC 291\Lab4\lab4_main.c:117: RSTSRC = 0x02;
0125 75EF02     806            mov     _RSTSRC,#0x02
0128            807   ;        C:\Users\17782\Downloads\School Resources\UBC Y2\ELEC\ELEC 291\Lab4\lab4_main.c:124: SFRPAGE = 0x10;
0128 75A710     808            mov     _SFRPAGE,#0x10
012B            809   ;        C:\Users\17782\Downloads\School Resources\UBC Y2\ELEC\ELEC 291\Lab4\lab4_main.c:125: PFE0CN  = 0x20; // SYSCLK < 75 MHz.
012B 75C120     810            mov     _PFE0CN,#0x20
012E            811   ;        C:\Users\17782\Downloads\School Resources\UBC Y2\ELEC\ELEC 291\Lab4\lab4_main.c:126: SFRPAGE = 0x00;
012E 75A700     812            mov     _SFRPAGE,#0x00
0131            813   ;        C:\Users\17782\Downloads\School Resources\UBC Y2\ELEC\ELEC 291\Lab4\lab4_main.c:147: CLKSEL = 0x00;
0131 75A900     814            mov     _CLKSEL,#0x00
0134            815   ;        C:\Users\17782\Downloads\School Resources\UBC Y2\ELEC\ELEC 291\Lab4\lab4_main.c:148: CLKSEL = 0x00;
0134 75A900     816            mov     _CLKSEL,#0x00
0137            817   ;        C:\Users\17782\Downloads\School Resources\UBC Y2\ELEC\ELEC 291\Lab4\lab4_main.c:149: while ((CLKSEL & 0x80) == 0);
0137            818   L008001?:
0137 E5A9       819            mov     a,_CLKSEL
0139 30E7F8     820            jnb     acc.7,L008001?
013C            821   ;        C:\Users\17782\Downloads\School Resources\UBC Y2\ELEC\ELEC 291\Lab4\lab4_main.c:150: CLKSEL = 0x03;
013C 75A903     822            mov     _CLKSEL,#0x03
013F            823   ;        C:\Users\17782\Downloads\School Resources\UBC Y2\ELEC\ELEC 291\Lab4\lab4_main.c:151: CLKSEL = 0x03;
013F 75A903     824            mov     _CLKSEL,#0x03
0142            825   ;        C:\Users\17782\Downloads\School Resources\UBC Y2\ELEC\ELEC 291\Lab4\lab4_main.c:152: while ((CLKSEL & 0x80) == 0);
0142            826   L008004?:
0142 E5A9       827            mov     a,_CLKSEL
0144 30E778     828            jnb     acc.7,L008004?
0147            829   ;        C:\Users\17782\Downloads\School Resources\UBC Y2\ELEC\ELEC 291\Lab4\lab4_main.c:157: P0MDOUT |= 0x10; // Enable UART0 TX as push-pull output
0147 43A410     830            orl     _P0MDOUT,#0x10
014A            831   ;        C:\Users\17782\Downloads\School Resources\UBC Y2\ELEC\ELEC 291\Lab4\lab4_main.c:158: XBR0     = 0x01; // Enable UART0 on P0.4(TX) and P0.5(RX)                     
014A 75E101     832            mov     _XBR0,#0x01
014D            833   ;        C:\Users\17782\Downloads\School Resources\UBC Y2\ELEC\ELEC 291\Lab4\lab4_main.c:159: XBR1     = 0X10; // Enable T0 on P0.0
014D 75E210     834            mov     _XBR1,#0x10
0150            835   ;        C:\Users\17782\Downloads\School Resources\UBC Y2\ELEC\ELEC 291\Lab4\lab4_main.c:160: XBR2     = 0x40; // Enable crossbar and weak pull-ups
0150 75E340     836            mov     _XBR2,#0x40
0153            837   ;        C:\Users\17782\Downloads\School Resources\UBC Y2\ELEC\ELEC 291\Lab4\lab4_main.c:166: SCON0 = 0x10;
0153 759810     838            mov     _SCON0,#0x10
0156            839   ;        C:\Users\17782\Downloads\School Resources\UBC Y2\ELEC\ELEC 291\Lab4\lab4_main.c:167: CKCON0 |= 0b_0000_0000 ; // Timer 1 uses the system clock divided by 12.
0156 858E8E     840            mov     _CKCON0,_CKCON0
0159            841   ;        C:\Users\17782\Downloads\School Resources\UBC Y2\ELEC\ELEC 291\Lab4\lab4_main.c:168: TH1 = 0x100-((SYSCLK/BAUDRATE)/(2L*12L));
0159 758DE6     842            mov     _TH1,#0xE6
015C            843   ;        C:\Users\17782\Downloads\School Resources\UBC Y2\ELEC\ELEC 291\Lab4\lab4_main.c:169: TL1 = TH1;      // Init Timer1
015C 858D8B     844            mov     _TL1,_TH1
015F            845   ;        C:\Users\17782\Downloads\School Resources\UBC Y2\ELEC\ELEC 291\Lab4\lab4_main.c:170: TMOD &= ~0xf0;  // TMOD: timer 1 in 8-bit auto-reload
015F 53890F     846            anl     _TMOD,#0x0F
0162            847   ;        C:\Users\17782\Downloads\School Resources\UBC Y2\ELEC\ELEC 291\Lab4\lab4_main.c:171: TMOD |=  0x20;                       
0162 438920     848            orl     _TMOD,#0x20
0165            849   ;        C:\Users\17782\Downloads\School Resources\UBC Y2\ELEC\ELEC 291\Lab4\lab4_main.c:172: TR1 = 1; // START Timer1
0165 D28E       850            setb    _TR1
0167            851   ;        C:\Users\17782\Downloads\School Resources\UBC Y2\ELEC\ELEC 291\Lab4\lab4_main.c:173: TI = 1;  // Indicate TX0 ready
0167 D299       852            setb    _TI
0169            853   ;        C:\Users\17782\Downloads\School Resources\UBC Y2\ELEC\ELEC 291\Lab4\lab4_main.c:175: return 0;
0169 758200     854            mov     dpl,#0x00
016C 22         855            ret
016D            856   ;------------------------------------------------------------
016D            857   ;Allocation info for local variables in function 'Timer3us'
016D            858   ;------------------------------------------------------------
016D            859   ;us                        Allocated to registers r2 
016D            860   ;i                         Allocated to registers r3 
016D            861   ;------------------------------------------------------------
016D            862   ;        C:\Users\17782\Downloads\School Resources\UBC Y2\ELEC\ELEC 291\Lab4\lab4_main.c:179: void Timer3us(unsigned char us)
016D            863   ;        -----------------------------------------
016D            864   ;         function Timer3us
016D            865   ;        -----------------------------------------
016D            866   _Timer3us:
016D AA82       867            mov     r2,dpl
016F            868   ;        C:\Users\17782\Downloads\School Resources\UBC Y2\ELEC\ELEC 291\Lab4\lab4_main.c:184: CKCON0|=0b_0100_0000;
016F 438E40     869            orl     _CKCON0,#0x40
0172            870   ;        C:\Users\17782\Downloads\School Resources\UBC Y2\ELEC\ELEC 291\Lab4\lab4_main.c:186: TMR3RL = (-(SYSCLK)/1000000L); // Set Timer3 to overflow in 1us.
0172 7592B8     871            mov     _TMR3RL,#0xB8
0175 7593FF     872            mov     (_TMR3RL >> 8),#0xFF
0178            873   ;        C:\Users\17782\Downloads\School Resources\UBC Y2\ELEC\ELEC 291\Lab4\lab4_main.c:187: TMR3 = TMR3RL;                 // Initialize Timer3 for first overflow
0178 859294     874            mov     _TMR3,_TMR3RL
017B 859395     875            mov     (_TMR3 >> 8),(_TMR3RL >> 8)
017E            876   ;        C:\Users\17782\Downloads\School Resources\UBC Y2\ELEC\ELEC 291\Lab4\lab4_main.c:189: TMR3CN0 = 0x04;                 // Sart Timer3 and clear overflow flag
017E 759104     877            mov     _TMR3CN0,#0x04
0181            878   ;        C:\Users\17782\Downloads\School Resources\UBC Y2\ELEC\ELEC 291\Lab4\lab4_main.c:190: for (i = 0; i < us; i++)       // Count <us> overflows
0181 7B00       879            mov     r3,#0x00
0183            880   L009006?:
0183 C3         881            clr     c
0184 EB         882            mov     a,r3
0185 9A         883            subb    a,r2
0186 5000       884            jnc     L009009?
0188            885   ;        C:\Users\17782\Downloads\School Resources\UBC Y2\ELEC\ELEC 291\Lab4\lab4_main.c:192: while (!(TMR3CN0 & 0x80));  // Wait for overflow
0188            886   L009001?:
0188 E591       887            mov     a,_TMR3CN0
018A 30E738     888            jnb     acc.7,L009001?
018D            889   ;        C:\Users\17782\Downloads\School Resources\UBC Y2\ELEC\ELEC 291\Lab4\lab4_main.c:193: TMR3CN0 &= ~(0x80);         // Clear overflow indicator
018D 53917F     890            anl     _TMR3CN0,#0x7F
0190            891   ;        C:\Users\17782\Downloads\School Resources\UBC Y2\ELEC\ELEC 291\Lab4\lab4_main.c:194: if (TF0)
0190            892   ;        C:\Users\17782\Downloads\School Resources\UBC Y2\ELEC\ELEC 291\Lab4\lab4_main.c:196: TF0=0;
0190 108D78     893            jbc     _TF0,L009019?
0193 8000       894            sjmp    L009008?
0195            895   L009019?:
0195            896   ;        C:\Users\17782\Downloads\School Resources\UBC Y2\ELEC\ELEC 291\Lab4\lab4_main.c:197: overflow_count++;
0195 0540       897            inc     _overflow_count
0197            898   L009008?:
0197            899   ;        C:\Users\17782\Downloads\School Resources\UBC Y2\ELEC\ELEC 291\Lab4\lab4_main.c:190: for (i = 0; i < us; i++)       // Count <us> overflows
0197 0B         900            inc     r3
0198 8000       901            sjmp    L009006?
019A            902   L009009?:
019A            903   ;        C:\Users\17782\Downloads\School Resources\UBC Y2\ELEC\ELEC 291\Lab4\lab4_main.c:200: TMR3CN0 = 0 ;                   // Stop Timer3 and clear overflow flag
019A 759100     904            mov     _TMR3CN0,#0x00
019D 22         905            ret
019E            906   ;------------------------------------------------------------
019E            907   ;Allocation info for local variables in function 'waitms'
019E            908   ;------------------------------------------------------------
019E            909   ;ms                        Allocated to registers r2 r3 
019E            910   ;j                         Allocated to registers r2 r3 
019E            911   ;------------------------------------------------------------
019E            912   ;        C:\Users\17782\Downloads\School Resources\UBC Y2\ELEC\ELEC 291\Lab4\lab4_main.c:203: void waitms (unsigned int ms)
019E            913   ;        -----------------------------------------
019E            914   ;         function waitms
019E            915   ;        -----------------------------------------
019E            916   _waitms:
019E AA82       917            mov     r2,dpl
01A0 AB83       918            mov     r3,dph
01A2            919   ;        C:\Users\17782\Downloads\School Resources\UBC Y2\ELEC\ELEC 291\Lab4\lab4_main.c:206: for(j=ms; j!=0; j--)
01A2            920   L010001?:
01A2 BA0038     921            cjne    r2,#0x00,L010010?
01A5 BB0038     922            cjne    r3,#0x00,L010010?
01A8 22         923            ret
01A9            924   L010010?:
01A9            925   ;        C:\Users\17782\Downloads\School Resources\UBC Y2\ELEC\ELEC 291\Lab4\lab4_main.c:208: Timer3us(249);
01A9 7582F9     926            mov     dpl,#0xF9
01AC C002       927            push    ar2
01AE C003       928            push    ar3
01B0 120000     929            lcall   _Timer3us
01B3            930   ;        C:\Users\17782\Downloads\School Resources\UBC Y2\ELEC\ELEC 291\Lab4\lab4_main.c:209: Timer3us(249);
01B3 7582F9     931            mov     dpl,#0xF9
01B6 120000     932            lcall   _Timer3us
01B9            933   ;        C:\Users\17782\Downloads\School Resources\UBC Y2\ELEC\ELEC 291\Lab4\lab4_main.c:210: Timer3us(249);
01B9 7582F9     934            mov     dpl,#0xF9
01BC 120000     935            lcall   _Timer3us
01BF            936   ;        C:\Users\17782\Downloads\School Resources\UBC Y2\ELEC\ELEC 291\Lab4\lab4_main.c:211: Timer3us(250);
01BF 7582FA     937            mov     dpl,#0xFA
01C2 120000     938            lcall   _Timer3us
01C5 D003       939            pop     ar3
01C7 D002       940            pop     ar2
01C9            941   ;        C:\Users\17782\Downloads\School Resources\UBC Y2\ELEC\ELEC 291\Lab4\lab4_main.c:206: for(j=ms; j!=0; j--)
01C9 1A         942            dec     r2
01CA BAFF78     943            cjne    r2,#0xff,L010011?
01CD 1B         944            dec     r3
01CE            945   L010011?:
01CE 8000       946            sjmp    L010001?
01D0            947   ;------------------------------------------------------------
01D0            948   ;Allocation info for local variables in function 'TIMER0_Init'
01D0            949   ;------------------------------------------------------------
01D0            950   ;------------------------------------------------------------
01D0            951   ;        C:\Users\17782\Downloads\School Resources\UBC Y2\ELEC\ELEC 291\Lab4\lab4_main.c:215: void TIMER0_Init(void)
01D0            952   ;        -----------------------------------------
01D0            953   ;         function TIMER0_Init
01D0            954   ;        -----------------------------------------
01D0            955   _TIMER0_Init:
01D0            956   ;        C:\Users\17782\Downloads\School Resources\UBC Y2\ELEC\ELEC 291\Lab4\lab4_main.c:217: TMOD&=0b_1111_0000; // Set the bits of Timer/Counter 0 to zero
01D0 5389F0     957            anl     _TMOD,#0xF0
01D3            958   ;        C:\Users\17782\Downloads\School Resources\UBC Y2\ELEC\ELEC 291\Lab4\lab4_main.c:218: TMOD|=0b_0000_0101; // Timer/Counter 0 used as a 16-bit counter
01D3 438905     959            orl     _TMOD,#0x05
01D6            960   ;        C:\Users\17782\Downloads\School Resources\UBC Y2\ELEC\ELEC 291\Lab4\lab4_main.c:219: TR0=0; // Stop Timer/Counter 0
01D6 C28C       961            clr     _TR0
01D8 22         962            ret
01D9            963   ;------------------------------------------------------------
01D9            964   ;Allocation info for local variables in function 'main'
01D9            965   ;------------------------------------------------------------
01D9            966   ;F                         Allocated to registers r2 r3 r4 r5 
01D9            967   ;buffer                    Allocated with name '_main_buffer_1_50'
01D9            968   ;c                         Allocated to registers r6 r7 r0 r1 
01D9            969   ;r1                        Allocated to registers 
01D9            970   ;r2                        Allocated to registers 
01D9            971   ;------------------------------------------------------------
01D9            972   ;        C:\Users\17782\Downloads\School Resources\UBC Y2\ELEC\ELEC 291\Lab4\lab4_main.c:223: void main (void) 
01D9            973   ;        -----------------------------------------
01D9            974   ;         function main
01D9            975   ;        -----------------------------------------
01D9            976   _main:
01D9            977   ;        C:\Users\17782\Downloads\School Resources\UBC Y2\ELEC\ELEC 291\Lab4\lab4_main.c:231: TIMER0_Init();
01D9 120000     978            lcall   _TIMER0_Init
01DC            979   ;        C:\Users\17782\Downloads\School Resources\UBC Y2\ELEC\ELEC 291\Lab4\lab4_main.c:232: LCD_4BIT();
01DC 120000     980            lcall   _LCD_4BIT
01DF            981   ;        C:\Users\17782\Downloads\School Resources\UBC Y2\ELEC\ELEC 291\Lab4\lab4_main.c:235: waitms(500); // Give PuTTY a chance to start.
01DF 9001F4     982            mov     dptr,#0x01F4
01E2 120000     983            lcall   _waitms
01E5            984   ;        C:\Users\17782\Downloads\School Resources\UBC Y2\ELEC\ELEC 291\Lab4\lab4_main.c:236: printf("\x1b[2J"); // Clear screen using ANSI escape sequence.
01E5 74B8       985            mov     a,#__str_0
01E7 C0E0       986            push    acc
01E9 74B9       987            mov     a,#(__str_0 >> 8)
01EB C0E0       988            push    acc
01ED 7480       989            mov     a,#0x80
01EF C0E0       990            push    acc
01F1 120000     991            lcall   _printf
01F4 1581       992            dec     sp
01F6 1581       993            dec     sp
01F8 1581       994            dec     sp
01FA            995   ;        C:\Users\17782\Downloads\School Resources\UBC Y2\ELEC\ELEC 291\Lab4\lab4_main.c:241: __FILE__, __DATE__, __TIME__);
01FA            996   ;        C:\Users\17782\Downloads\School Resources\UBC Y2\ELEC\ELEC 291\Lab4\lab4_main.c:240: "Compiled: %s, %s\n\n",
01FA 7478       997            mov     a,#__str_4
01FC C0E0       998            push    acc
01FE 74BA       999            mov     a,#(__str_4 >> 8)
0200 C0E0      1000            push    acc
0202 7480      1001            mov     a,#0x80
0204 C0E0      1002            push    acc
0206 74B8      1003            mov     a,#__str_3
0208 C0E0      1004            push    acc
020A 74BA      1005            mov     a,#(__str_3 >> 8)
020C C0E0      1006            push    acc
020E 7480      1007            mov     a,#0x80
0210 C0E0      1008            push    acc
0212 74F8      1009            mov     a,#__str_2
0214 C0E0      1010            push    acc
0216 74BA      1011            mov     a,#(__str_2 >> 8)
0218 C0E0      1012            push    acc
021A 7480      1013            mov     a,#0x80
021C C0E0      1014            push    acc
021E 7438      1015            mov     a,#__str_1
0220 C0E0      1016            push    acc
0222 74BB      1017            mov     a,#(__str_1 >> 8)
0224 C0E0      1018            push    acc
0226 7480      1019            mov     a,#0x80
0228 C0E0      1020            push    acc
022A 120000    1021            lcall   _printf
022D E581      1022            mov     a,sp
022F 24F4      1023            add     a,#0xf4
0231 F581      1024            mov     sp,a
0233           1025   ;        C:\Users\17782\Downloads\School Resources\UBC Y2\ELEC\ELEC 291\Lab4\lab4_main.c:243: while(1)
0233           1026   L012004?:
0233           1027   ;        C:\Users\17782\Downloads\School Resources\UBC Y2\ELEC\ELEC 291\Lab4\lab4_main.c:245: TL0=0;
0233 758A00    1028            mov     _TL0,#0x00
0236           1029   ;        C:\Users\17782\Downloads\School Resources\UBC Y2\ELEC\ELEC 291\Lab4\lab4_main.c:246: TH0=0;
0236 758C00    1030            mov     _TH0,#0x00
0239           1031   ;        C:\Users\17782\Downloads\School Resources\UBC Y2\ELEC\ELEC 291\Lab4\lab4_main.c:247: overflow_count=0;
0239 754000    1032            mov     _overflow_count,#0x00
023C           1033   ;        C:\Users\17782\Downloads\School Resources\UBC Y2\ELEC\ELEC 291\Lab4\lab4_main.c:248: TF0=0;
023C C28D      1034            clr     _TF0
023E           1035   ;        C:\Users\17782\Downloads\School Resources\UBC Y2\ELEC\ELEC 291\Lab4\lab4_main.c:249: TR0=1; // Start Timer/Counter 0
023E D28C      1036            setb    _TR0
0240           1037   ;        C:\Users\17782\Downloads\School Resources\UBC Y2\ELEC\ELEC 291\Lab4\lab4_main.c:250: waitms(1000);
0240 9003E8    1038            mov     dptr,#0x03E8
0243 120000    1039            lcall   _waitms
0246           1040   ;        C:\Users\17782\Downloads\School Resources\UBC Y2\ELEC\ELEC 291\Lab4\lab4_main.c:251: TR0=0; // Stop Timer/Counter 0
0246 C28C      1041            clr     _TR0
0248           1042   ;        C:\Users\17782\Downloads\School Resources\UBC Y2\ELEC\ELEC 291\Lab4\lab4_main.c:252: F=overflow_count*0x10000L+TH0*0x100L+TL0;
0248 AA40      1043            mov     r2,_overflow_count
024A 7B00      1044            mov     r3,#0x00
024C 8B05      1045            mov     ar5,r3
024E 8A04      1046            mov     ar4,r2
0250 7B00      1047            mov     r3,#0x00
0252 7A00      1048            mov     r2,#0x00
0254 AE8C      1049            mov     r6,_TH0
0256 7F00      1050            mov     r7,#0x00
0258 7800      1051            mov     r0,#0x00
025A 8801      1052            mov     ar1,r0
025C 8F00      1053            mov     ar0,r7
025E 8E07      1054            mov     ar7,r6
0260 E4        1055            clr     a
0261 2A        1056            add     a,r2
0262 FA        1057            mov     r2,a
0263 EF        1058            mov     a,r7
0264 3B        1059            addc    a,r3
0265 FB        1060            mov     r3,a
0266 E8        1061            mov     a,r0
0267 3C        1062            addc    a,r4
0268 FC        1063            mov     r4,a
0269 E9        1064            mov     a,r1
026A 3D        1065            addc    a,r5
026B FD        1066            mov     r5,a
026C AE8A      1067            mov     r6,_TL0
026E E4        1068            clr     a
026F FF        1069            mov     r7,a
0270 33        1070            rlc     a
0271 95E0      1071            subb    a,acc
0273 F8        1072            mov     r0,a
0274 F9        1073            mov     r1,a
0275 EE        1074            mov     a,r6
0276 2A        1075            add     a,r2
0277 FA        1076            mov     r2,a
0278 EF        1077            mov     a,r7
0279 3B        1078            addc    a,r3
027A FB        1079            mov     r3,a
027B E8        1080            mov     a,r0
027C 3C        1081            addc    a,r4
027D FC        1082            mov     r4,a
027E E9        1083            mov     a,r1
027F 3D        1084            addc    a,r5
0280           1085   ;        C:\Users\17782\Downloads\School Resources\UBC Y2\ELEC\ELEC 291\Lab4\lab4_main.c:254: c = 1440000.0 / ((r1 + 2.0 * r2) * (double)F);
0280 FD        1086            mov     r5,a
0281 8A82      1087            mov     dpl,r2
0283 8B83      1088            mov     dph,r3
0285 8CF0      1089            mov     b,r4
0287 C002      1090            push    ar2
0289 C003      1091            push    ar3
028B C004      1092            push    ar4
028D C005      1093            push    ar5
028F 120000    1094            lcall   ___ulong2fs
0292 AE82      1095            mov     r6,dpl
0294 AF83      1096            mov     r7,dph
0296 A8F0      1097            mov     r0,b
0298 F9        1098            mov     r1,a
0299 C006      1099            push    ar6
029B C007      1100            push    ar7
029D C000      1101            push    ar0
029F C001      1102            push    ar1
02A1 90B000    1103            mov     dptr,#0xB000
02A4 75F09B    1104            mov     b,#0x9B
02A7 7446      1105            mov     a,#0x46
02A9 120000    1106            lcall   ___fsmul
02AC AE82      1107            mov     r6,dpl
02AE AF83      1108            mov     r7,dph
02B0 A8F0      1109            mov     r0,b
02B2 F9        1110            mov     r1,a
02B3 E581      1111            mov     a,sp
02B5 24FC      1112            add     a,#0xfc
02B7 F581      1113            mov     sp,a
02B9 C006      1114            push    ar6
02BB C007      1115            push    ar7
02BD C000      1116            push    ar0
02BF C001      1117            push    ar1
02C1 90C800    1118            mov     dptr,#0xC800
02C4 75F0AF    1119            mov     b,#0xAF
02C7 7449      1120            mov     a,#0x49
02C9 120000    1121            lcall   ___fsdiv
02CC AE82      1122            mov     r6,dpl
02CE AF83      1123            mov     r7,dph
02D0 A8F0      1124            mov     r0,b
02D2 F9        1125            mov     r1,a
02D3 E581      1126            mov     a,sp
02D5 24FC      1127            add     a,#0xfc
02D7 F581      1128            mov     sp,a
02D9           1129   ;        C:\Users\17782\Downloads\School Resources\UBC Y2\ELEC\ELEC 291\Lab4\lab4_main.c:255: LCDprint("Capacitance:", 1, 1);
02D9 750001    1130            mov     _LCDprint_PARM_2,#0x01
02DC D2B0      1131            setb    _LCDprint_PARM_3
02DE 90BC78    1132            mov     dptr,#__str_5
02E1 75F080    1133            mov     b,#0x80
02E4 C006      1134            push    ar6
02E6 C007      1135            push    ar7
02E8 C000      1136            push    ar0
02EA C001      1137            push    ar1
02EC 120000    1138            lcall   _LCDprint
02EF D001      1139            pop     ar1
02F1 D000      1140            pop     ar0
02F3 D007      1141            pop     ar7
02F5 D006      1142            pop     ar6
02F7 D005      1143            pop     ar5
02F9 D004      1144            pop     ar4
02FB D003      1145            pop     ar3
02FD D002      1146            pop     ar2
02FF           1147   ;        C:\Users\17782\Downloads\School Resources\UBC Y2\ELEC\ELEC 291\Lab4\lab4_main.c:257: if (F==0){
02FF EA        1148            mov     a,r2
0300 4B        1149            orl     a,r3
0301 4C        1150            orl     a,r4
0302 4D        1151            orl     a,r5
0303 7000      1152            jnz     L012002?
0305           1153   ;        C:\Users\17782\Downloads\School Resources\UBC Y2\ELEC\ELEC 291\Lab4\lab4_main.c:258: LCDprint("no capacitor", 2, 1);
0305 750002    1154            mov     _LCDprint_PARM_2,#0x02
0308 D2B0      1155            setb    _LCDprint_PARM_3
030A 90BCF8    1156            mov     dptr,#__str_6
030D 75F080    1157            mov     b,#0x80
0310 C002      1158            push    ar2
0312 C003      1159            push    ar3
0314 C004      1160            push    ar4
0316 C005      1161            push    ar5
0318 C006      1162            push    ar6
031A C007      1163            push    ar7
031C C000      1164            push    ar0
031E C001      1165            push    ar1
0320 120000    1166            lcall   _LCDprint
0323 D001      1167            pop     ar1
0325 D000      1168            pop     ar0
0327 D007      1169            pop     ar7
0329 D006      1170            pop     ar6
032B D005      1171            pop     ar5
032D D004      1172            pop     ar4
032F D003      1173            pop     ar3
0331 D002      1174            pop     ar2
0333           1175   L012002?:
0333           1176   ;        C:\Users\17782\Downloads\School Resources\UBC Y2\ELEC\ELEC 291\Lab4\lab4_main.c:261: sprintf(buffer, "%f uF", c);
0333 C002      1177            push    ar2
0335 C003      1178            push    ar3
0337 C004      1179            push    ar4
0339 C005      1180            push    ar5
033B C006      1181            push    ar6
033D C007      1182            push    ar7
033F C000      1183            push    ar0
0341 C001      1184            push    ar1
0343 7438      1185            mov     a,#__str_7
0345 C0E0      1186            push    acc
0347 74BD      1187            mov     a,#(__str_7 >> 8)
0349 C0E0      1188            push    acc
034B 7480      1189            mov     a,#0x80
034D C0E0      1190            push    acc
034F 74F8      1191            mov     a,#_main_buffer_1_50
0351 C0E0      1192            push    acc
0353 74B3      1193            mov     a,#(_main_buffer_1_50 >> 8)
0355 C0E0      1194            push    acc
0357 7440      1195            mov     a,#0x40
0359 C0E0      1196            push    acc
035B 120000    1197            lcall   _sprintf
035E E581      1198            mov     a,sp
0360 24F6      1199            add     a,#0xf6
0362 F581      1200            mov     sp,a
0364           1201   ;        C:\Users\17782\Downloads\School Resources\UBC Y2\ELEC\ELEC 291\Lab4\lab4_main.c:263: LCDprint(buffer, 2, 1);
0364 750002    1202            mov     _LCDprint_PARM_2,#0x02
0367 D2B0      1203            setb    _LCDprint_PARM_3
0369 90B3F8    1204            mov     dptr,#_main_buffer_1_50
036C 75F040    1205            mov     b,#0x40
036F 120000    1206            lcall   _LCDprint
0372           1207   ;        C:\Users\17782\Downloads\School Resources\UBC Y2\ELEC\ELEC 291\Lab4\lab4_main.c:265: printf("\rf=%luHz\n", F);
0372 74B8      1208            mov     a,#__str_8
0374 C0E0      1209            push    acc
0376 74BD      1210            mov     a,#(__str_8 >> 8)
0378 C0E0      1211            push    acc
037A 7480      1212            mov     a,#0x80
037C C0E0      1213            push    acc
037E 120000    1214            lcall   _printf
0381 E581      1215            mov     a,sp
0383 24F9      1216            add     a,#0xf9
0385 F581      1217            mov     sp,a
0387           1218   ;        C:\Users\17782\Downloads\School Resources\UBC Y2\ELEC\ELEC 291\Lab4\lab4_main.c:266: printf("%s\n", buffer);
0387 74F8      1219            mov     a,#_main_buffer_1_50
0389 C0E0      1220            push    acc
038B 74B3      1221            mov     a,#(_main_buffer_1_50 >> 8)
038D C0E0      1222            push    acc
038F 7440      1223            mov     a,#0x40
0391 C0E0      1224            push    acc
0393 74F8      1225            mov     a,#__str_9
0395 C0E0      1226            push    acc
0397 74BD      1227            mov     a,#(__str_9 >> 8)
0399 C0E0      1228            push    acc
039B 7480      1229            mov     a,#0x80
039D C0E0      1230            push    acc
039F 120000    1231            lcall   _printf
03A2 E581      1232            mov     a,sp
03A4 24FA      1233            add     a,#0xfa
03A6 F581      1234            mov     sp,a
03A8           1235   ;        C:\Users\17782\Downloads\School Resources\UBC Y2\ELEC\ELEC 291\Lab4\lab4_main.c:268: printf("\x1b[0K"); // ANSI: Clear from cursor to end of line.
03A8 7438      1236            mov     a,#__str_10
03AA C0E0      1237            push    acc
03AC 74BE      1238            mov     a,#(__str_10 >> 8)
03AE C0E0      1239            push    acc
03B0 7480      1240            mov     a,#0x80
03B2 C0E0      1241            push    acc
03B4 120000    1242            lcall   _printf
03B7 1581      1243            dec     sp
03B9 1581      1244            dec     sp
03BB 1581      1245            dec     sp
03BD 020000    1246            ljmp    L012004?
03C0           1247            rseg R_CSEG
03C0           1248   
0000           1249            rseg R_XINIT
0000           1250   
0000           1251            rseg R_CONST
0000           1252   __str_0:
0000 1B        1253            db 0x1B
0001 5B324A    1254            db '[2J'
0004 00        1255            db 0x00
0005           1256   __str_1:
0005 45464D38  1257            db 'EFM8 Frequency measurement using Timer/Counter 0.'
     20467265
     7175656E
     6379206D
     65617375
     72656D65
     6E742075
     73696E67
     2054696D
     65722F43
     6F756E74
     65722030
     2E
0036 0A        1258            db 0x0A
0037 46696C65  1259            db 'File: %s'
     3A202573
003F 0A        1260            db 0x0A
0040 43        1261            db 'C'
0041 6F6D7069  1262            db 'ompiled: %s, %s'
     6C65643A
     2025732C
     202573
0050 0A        1263            db 0x0A
0051 0A        1264            db 0x0A
0052 00        1265            db 0x00
0053           1266   __str_2:
0053 433A      1267            db 'C:'
0055 5C        1268            db 0x5C
0056 55736572  1269            db 'Users'
     73
005B 5C        1270            db 0x5C
005C 31373738  1271            db '17782'
     32
0061 5C        1272            db 0x5C
0062 446F776E  1273            db 'Downloads'
     6C6F6164
     73
006B 5C        1274            db 0x5C
006C 5363686F  1275            db 'School Resources'
     6F6C2052
     65736F75
     72636573
007C 5C        1276            db 0x5C
007D 55424320  1277            db 'UBC Y2'
     5932
0083 5C        1278            db 0x5C
0084 454C4543  1279            db 'ELEC'
0088 5C        1280            db 0x5C
0089 454C4543  1281            db 'ELEC 2'
     2032
008F 3931      1282            db '91'
0091 5C        1283            db 0x5C
0092 4C616234  1284            db 'Lab4'
0096 5C        1285            db 0x5C
0097 6C616234  1286            db 'lab4_main.c'
     5F6D6169
     6E2E63
00A2 00        1287            db 0x00
00A3           1288   __str_3:
00A3 46656220  1289            db 'Feb 27 2025'
     32372032
     303235
00AE 00        1290            db 0x00
00AF           1291   __str_4:
00AF 31303A33  1292            db '10:30:34'
     303A3334
00B7 00        1293            db 0x00
00B8           1294   __str_5:
00B8 43617061  1295            db 'Capacitance:'
     63697461
     6E63653A
00C4 00        1296            db 0x00
00C5           1297   __str_6:
00C5 6E6F2063  1298            db 'no capacitor'
     61706163
     69746F72
00D1 00        1299            db 0x00
00D2           1300   __str_7:
00D2 25662075  1301            db '%f uF'
     46
00D7 00        1302            db 0x00
00D8           1303   __str_8:
00D8 0D        1304            db 0x0D
00D9 663D256C  1305            db 'f=%luHz'
     75487A
00E0 0A        1306            db 0x0A
00E1 00        1307            db 0x00
00E2           1308   __str_9:
00E2 2573      1309            db '%s'
00E4 0A        1310            db 0x0A
00E5 00        1311            db 0x00
00E6           1312   __str_10:
00E6 1B        1313            db 0x1B
00E7 5B304B    1314            db '[0K'
00EA 00        1315            db 0x00
00EB           1316   
0003           1317            CSEG
0003           1318   
0003           1319   end
